2019-07-07T18:21:30+00:00 CRITICAL Uncaught ReflectionException: Class App\Controllers\BoxWithFruitsPage does not exist in /Users/ivaylosholekov/Sites/personal/fruitaway/web/app/themes/sage/vendor/soberwp/controller/src/Loader.php:121
Stack trace:
#0 /Users/ivaylosholekov/Sites/personal/fruitaway/web/app/themes/sage/vendor/soberwp/controller/src/Loader.php(121): ReflectionClass->__construct('App\\Controllers...')
#1 /Users/ivaylosholekov/Sites/personal/fruitaway/web/app/themes/sage/vendor/soberwp/controller/src/Loader.php(49): Sober\Controller\Loader->setClassesAlias()
#2 /Users/ivaylosholekov/Sites/personal/fruitaway/web/app/themes/sage/vendor/soberwp/controller/controller.php(41): Sober\Controller\Loader->__construct(Object(Brain\Hierarchy\Hierarchy))
#3 /Users/ivaylosholekov/Sites/personal/fruitaway/web/wp/wp-includes/class-wp-hook.php(286): Sober\Controller\loader('')
#4 /Users/ivaylosholekov/Sites/personal/fruitaway/web/wp/wp-includes/class-wp-hook.php(310): WP_Hook->apply_filters(NULL, Array)
#5 /Users/ivaylosholekov/Sites/personal/fruit in /Users/ivaylosholekov/Sites/personal/fruitaway/web/app/themes/sage/vendor/soberwp/controller/src/Loader.php on line 121

2019-07-07T18:21:30+00:00 CRITICAL Uncaught ReflectionException: Class App\Controllers\BoxWithFruitsPage does not exist in /Users/ivaylosholekov/Sites/personal/fruitaway/web/app/themes/sage/vendor/soberwp/controller/src/Loader.php:121
Stack trace:
#0 /Users/ivaylosholekov/Sites/personal/fruitaway/web/app/themes/sage/vendor/soberwp/controller/src/Loader.php(121): ReflectionClass->__construct('App\\Controllers...')
#1 /Users/ivaylosholekov/Sites/personal/fruitaway/web/app/themes/sage/vendor/soberwp/controller/src/Loader.php(49): Sober\Controller\Loader->setClassesAlias()
#2 /Users/ivaylosholekov/Sites/personal/fruitaway/web/app/themes/sage/vendor/soberwp/controller/controller.php(41): Sober\Controller\Loader->__construct(Object(Brain\Hierarchy\Hierarchy))
#3 /Users/ivaylosholekov/Sites/personal/fruitaway/web/wp/wp-includes/class-wp-hook.php(286): Sober\Controller\loader('')
#4 /Users/ivaylosholekov/Sites/personal/fruitaway/web/wp/wp-includes/class-wp-hook.php(310): WP_Hook->apply_filters(NULL, Array)
#5 /Users/ivaylosholekov/Sites/personal/fruit in /Users/ivaylosholekov/Sites/personal/fruitaway/web/app/themes/sage/vendor/soberwp/controller/src/Loader.php on line 121

2019-07-07T18:21:30+00:00 CRITICAL Uncaught ReflectionException: Class App\Controllers\BoxWithFruitsPage does not exist in /Users/ivaylosholekov/Sites/personal/fruitaway/web/app/themes/sage/vendor/soberwp/controller/src/Loader.php:121
Stack trace:
#0 /Users/ivaylosholekov/Sites/personal/fruitaway/web/app/themes/sage/vendor/soberwp/controller/src/Loader.php(121): ReflectionClass->__construct('App\\Controllers...')
#1 /Users/ivaylosholekov/Sites/personal/fruitaway/web/app/themes/sage/vendor/soberwp/controller/src/Loader.php(49): Sober\Controller\Loader->setClassesAlias()
#2 /Users/ivaylosholekov/Sites/personal/fruitaway/web/app/themes/sage/vendor/soberwp/controller/controller.php(41): Sober\Controller\Loader->__construct(Object(Brain\Hierarchy\Hierarchy))
#3 /Users/ivaylosholekov/Sites/personal/fruitaway/web/wp/wp-includes/class-wp-hook.php(286): Sober\Controller\loader('')
#4 /Users/ivaylosholekov/Sites/personal/fruitaway/web/wp/wp-includes/class-wp-hook.php(310): WP_Hook->apply_filters(NULL, Array)
#5 /Users/ivaylosholekov/Sites/personal/fruit in /Users/ivaylosholekov/Sites/personal/fruitaway/web/app/themes/sage/vendor/soberwp/controller/src/Loader.php on line 121

2019-07-07T19:10:55+00:00 CRITICAL Uncaught Symfony\Component\Debug\Exception\FatalThrowableError: Cannot use object of type stdClass as array in /Users/ivaylosholekov/Sites/personal/fruitaway/web/app/uploads/cache/f40d3550650de36de091ff5c605786422074809e.php:18
Stack trace:
#0 /Users/ivaylosholekov/Sites/personal/fruitaway/web/app/themes/sage/vendor/illuminate/view/Engines/PhpEngine.php(43): include()
#1 /Users/ivaylosholekov/Sites/personal/fruitaway/web/app/themes/sage/vendor/illuminate/view/Engines/CompilerEngine.php(59): Illuminate\View\Engines\PhpEngine->evaluatePath('/Users/ivaylosh...', Array)
#2 /Users/ivaylosholekov/Sites/personal/fruitaway/web/app/themes/sage/vendor/illuminate/view/View.php(142): Illuminate\View\Engines\CompilerEngine->get('/Users/ivaylosh...', Array)
#3 /Users/ivaylosholekov/Sites/personal/fruitaway/web/app/themes/sage/vendor/illuminate/view/View.php(125): Illuminate\View\View->getContents()
#4 /Users/ivaylosholekov/Sites/personal/fruitaway/web/app/themes/sage/vendor/illuminate/view/View.php(90): Illuminate\View\Vie in /Users/ivaylosholekov/Sites/personal/fruitaway/web/app/uploads/cache/f40d3550650de36de091ff5c605786422074809e.php on line 18

2019-07-07T19:11:53+00:00 CRITICAL Uncaught Symfony\Component\Debug\Exception\FatalThrowableError: Cannot use object of type stdClass as array in /Users/ivaylosholekov/Sites/personal/fruitaway/web/app/uploads/cache/f40d3550650de36de091ff5c605786422074809e.php:18
Stack trace:
#0 /Users/ivaylosholekov/Sites/personal/fruitaway/web/app/themes/sage/vendor/illuminate/view/Engines/PhpEngine.php(43): include()
#1 /Users/ivaylosholekov/Sites/personal/fruitaway/web/app/themes/sage/vendor/illuminate/view/Engines/CompilerEngine.php(59): Illuminate\View\Engines\PhpEngine->evaluatePath('/Users/ivaylosh...', Array)
#2 /Users/ivaylosholekov/Sites/personal/fruitaway/web/app/themes/sage/vendor/illuminate/view/View.php(142): Illuminate\View\Engines\CompilerEngine->get('/Users/ivaylosh...', Array)
#3 /Users/ivaylosholekov/Sites/personal/fruitaway/web/app/themes/sage/vendor/illuminate/view/View.php(125): Illuminate\View\View->getContents()
#4 /Users/ivaylosholekov/Sites/personal/fruitaway/web/app/themes/sage/vendor/illuminate/view/View.php(90): Illuminate\View\Vie in /Users/ivaylosholekov/Sites/personal/fruitaway/web/app/uploads/cache/f40d3550650de36de091ff5c605786422074809e.php on line 18

2019-07-07T19:13:37+00:00 CRITICAL Uncaught Symfony\Component\Debug\Exception\FatalThrowableError: Cannot use object of type stdClass as array in /Users/ivaylosholekov/Sites/personal/fruitaway/web/app/uploads/cache/f40d3550650de36de091ff5c605786422074809e.php:22
Stack trace:
#0 /Users/ivaylosholekov/Sites/personal/fruitaway/web/app/themes/sage/vendor/illuminate/view/Engines/PhpEngine.php(43): include()
#1 /Users/ivaylosholekov/Sites/personal/fruitaway/web/app/themes/sage/vendor/illuminate/view/Engines/CompilerEngine.php(59): Illuminate\View\Engines\PhpEngine->evaluatePath('/Users/ivaylosh...', Array)
#2 /Users/ivaylosholekov/Sites/personal/fruitaway/web/app/themes/sage/vendor/illuminate/view/View.php(142): Illuminate\View\Engines\CompilerEngine->get('/Users/ivaylosh...', Array)
#3 /Users/ivaylosholekov/Sites/personal/fruitaway/web/app/themes/sage/vendor/illuminate/view/View.php(125): Illuminate\View\View->getContents()
#4 /Users/ivaylosholekov/Sites/personal/fruitaway/web/app/themes/sage/vendor/illuminate/view/View.php(90): Illuminate\View\Vie in /Users/ivaylosholekov/Sites/personal/fruitaway/web/app/uploads/cache/f40d3550650de36de091ff5c605786422074809e.php on line 22

2019-07-07T19:14:01+00:00 CRITICAL Uncaught Symfony\Component\Debug\Exception\FatalThrowableError: Cannot use object of type stdClass as array in /Users/ivaylosholekov/Sites/personal/fruitaway/web/app/uploads/cache/f40d3550650de36de091ff5c605786422074809e.php:19
Stack trace:
#0 /Users/ivaylosholekov/Sites/personal/fruitaway/web/app/themes/sage/vendor/illuminate/view/Engines/PhpEngine.php(43): include()
#1 /Users/ivaylosholekov/Sites/personal/fruitaway/web/app/themes/sage/vendor/illuminate/view/Engines/CompilerEngine.php(59): Illuminate\View\Engines\PhpEngine->evaluatePath('/Users/ivaylosh...', Array)
#2 /Users/ivaylosholekov/Sites/personal/fruitaway/web/app/themes/sage/vendor/illuminate/view/View.php(142): Illuminate\View\Engines\CompilerEngine->get('/Users/ivaylosh...', Array)
#3 /Users/ivaylosholekov/Sites/personal/fruitaway/web/app/themes/sage/vendor/illuminate/view/View.php(125): Illuminate\View\View->getContents()
#4 /Users/ivaylosholekov/Sites/personal/fruitaway/web/app/themes/sage/vendor/illuminate/view/View.php(90): Illuminate\View\Vie in /Users/ivaylosholekov/Sites/personal/fruitaway/web/app/uploads/cache/f40d3550650de36de091ff5c605786422074809e.php on line 19

2019-07-07T19:14:03+00:00 CRITICAL Uncaught Symfony\Component\Debug\Exception\FatalThrowableError: Cannot use object of type stdClass as array in /Users/ivaylosholekov/Sites/personal/fruitaway/web/app/uploads/cache/f40d3550650de36de091ff5c605786422074809e.php:19
Stack trace:
#0 /Users/ivaylosholekov/Sites/personal/fruitaway/web/app/themes/sage/vendor/illuminate/view/Engines/PhpEngine.php(43): include()
#1 /Users/ivaylosholekov/Sites/personal/fruitaway/web/app/themes/sage/vendor/illuminate/view/Engines/CompilerEngine.php(59): Illuminate\View\Engines\PhpEngine->evaluatePath('/Users/ivaylosh...', Array)
#2 /Users/ivaylosholekov/Sites/personal/fruitaway/web/app/themes/sage/vendor/illuminate/view/View.php(142): Illuminate\View\Engines\CompilerEngine->get('/Users/ivaylosh...', Array)
#3 /Users/ivaylosholekov/Sites/personal/fruitaway/web/app/themes/sage/vendor/illuminate/view/View.php(125): Illuminate\View\View->getContents()
#4 /Users/ivaylosholekov/Sites/personal/fruitaway/web/app/themes/sage/vendor/illuminate/view/View.php(90): Illuminate\View\Vie in /Users/ivaylosholekov/Sites/personal/fruitaway/web/app/uploads/cache/f40d3550650de36de091ff5c605786422074809e.php on line 19

2019-07-07T19:14:09+00:00 CRITICAL Uncaught Symfony\Component\Debug\Exception\FatalThrowableError: Cannot use object of type stdClass as array in /Users/ivaylosholekov/Sites/personal/fruitaway/web/app/uploads/cache/f40d3550650de36de091ff5c605786422074809e.php:19
Stack trace:
#0 /Users/ivaylosholekov/Sites/personal/fruitaway/web/app/themes/sage/vendor/illuminate/view/Engines/PhpEngine.php(43): include()
#1 /Users/ivaylosholekov/Sites/personal/fruitaway/web/app/themes/sage/vendor/illuminate/view/Engines/CompilerEngine.php(59): Illuminate\View\Engines\PhpEngine->evaluatePath('/Users/ivaylosh...', Array)
#2 /Users/ivaylosholekov/Sites/personal/fruitaway/web/app/themes/sage/vendor/illuminate/view/View.php(142): Illuminate\View\Engines\CompilerEngine->get('/Users/ivaylosh...', Array)
#3 /Users/ivaylosholekov/Sites/personal/fruitaway/web/app/themes/sage/vendor/illuminate/view/View.php(125): Illuminate\View\View->getContents()
#4 /Users/ivaylosholekov/Sites/personal/fruitaway/web/app/themes/sage/vendor/illuminate/view/View.php(90): Illuminate\View\Vie in /Users/ivaylosholekov/Sites/personal/fruitaway/web/app/uploads/cache/f40d3550650de36de091ff5c605786422074809e.php on line 19

2019-07-07T19:14:11+00:00 CRITICAL Uncaught Symfony\Component\Debug\Exception\FatalThrowableError: Cannot use object of type stdClass as array in /Users/ivaylosholekov/Sites/personal/fruitaway/web/app/uploads/cache/f40d3550650de36de091ff5c605786422074809e.php:19
Stack trace:
#0 /Users/ivaylosholekov/Sites/personal/fruitaway/web/app/themes/sage/vendor/illuminate/view/Engines/PhpEngine.php(43): include()
#1 /Users/ivaylosholekov/Sites/personal/fruitaway/web/app/themes/sage/vendor/illuminate/view/Engines/CompilerEngine.php(59): Illuminate\View\Engines\PhpEngine->evaluatePath('/Users/ivaylosh...', Array)
#2 /Users/ivaylosholekov/Sites/personal/fruitaway/web/app/themes/sage/vendor/illuminate/view/View.php(142): Illuminate\View\Engines\CompilerEngine->get('/Users/ivaylosh...', Array)
#3 /Users/ivaylosholekov/Sites/personal/fruitaway/web/app/themes/sage/vendor/illuminate/view/View.php(125): Illuminate\View\View->getContents()
#4 /Users/ivaylosholekov/Sites/personal/fruitaway/web/app/themes/sage/vendor/illuminate/view/View.php(90): Illuminate\View\Vie in /Users/ivaylosholekov/Sites/personal/fruitaway/web/app/uploads/cache/f40d3550650de36de091ff5c605786422074809e.php on line 19

2019-07-07T19:33:47+00:00 CRITICAL Uncaught Symfony\Component\Debug\Exception\FatalThrowableError: syntax error, unexpected 'endif' (T_ENDIF), expecting end of file in /Users/ivaylosholekov/Sites/personal/fruitaway/web/app/uploads/cache/0d64e3240931df3ed2b49db585790c845d9aa907.php:26
Stack trace:
#0 /Users/ivaylosholekov/Sites/personal/fruitaway/web/app/themes/sage/vendor/illuminate/view/Engines/CompilerEngine.php(59): Illuminate\View\Engines\PhpEngine->evaluatePath('/Users/ivaylosh...', Array)
#1 /Users/ivaylosholekov/Sites/personal/fruitaway/web/app/themes/sage/vendor/illuminate/view/View.php(142): Illuminate\View\Engines\CompilerEngine->get('/Users/ivaylosh...', Array)
#2 /Users/ivaylosholekov/Sites/personal/fruitaway/web/app/themes/sage/vendor/illuminate/view/View.php(125): Illuminate\View\View->getContents()
#3 /Users/ivaylosholekov/Sites/personal/fruitaway/web/app/themes/sage/vendor/illuminate/view/View.php(90): Illuminate\View\View->renderContents()
#4 /Users/ivaylosholekov/Sites/personal/fruitaway/web/app/uploads/cache/f40d3550650de36d in /Users/ivaylosholekov/Sites/personal/fruitaway/web/app/uploads/cache/0d64e3240931df3ed2b49db585790c845d9aa907.php on line 26

2019-07-07T19:33:56+00:00 CRITICAL Uncaught Symfony\Component\Debug\Exception\FatalThrowableError: syntax error, unexpected 'endif' (T_ENDIF), expecting end of file in /Users/ivaylosholekov/Sites/personal/fruitaway/web/app/uploads/cache/0d64e3240931df3ed2b49db585790c845d9aa907.php:26
Stack trace:
#0 /Users/ivaylosholekov/Sites/personal/fruitaway/web/app/themes/sage/vendor/illuminate/view/Engines/CompilerEngine.php(59): Illuminate\View\Engines\PhpEngine->evaluatePath('/Users/ivaylosh...', Array)
#1 /Users/ivaylosholekov/Sites/personal/fruitaway/web/app/themes/sage/vendor/illuminate/view/View.php(142): Illuminate\View\Engines\CompilerEngine->get('/Users/ivaylosh...', Array)
#2 /Users/ivaylosholekov/Sites/personal/fruitaway/web/app/themes/sage/vendor/illuminate/view/View.php(125): Illuminate\View\View->getContents()
#3 /Users/ivaylosholekov/Sites/personal/fruitaway/web/app/themes/sage/vendor/illuminate/view/View.php(90): Illuminate\View\View->renderContents()
#4 /Users/ivaylosholekov/Sites/personal/fruitaway/web/app/uploads/cache/f40d3550650de36d in /Users/ivaylosholekov/Sites/personal/fruitaway/web/app/uploads/cache/0d64e3240931df3ed2b49db585790c845d9aa907.php on line 26

2019-07-07T19:34:00+00:00 CRITICAL Uncaught Symfony\Component\Debug\Exception\FatalThrowableError: syntax error, unexpected 'endif' (T_ENDIF), expecting end of file in /Users/ivaylosholekov/Sites/personal/fruitaway/web/app/uploads/cache/0d64e3240931df3ed2b49db585790c845d9aa907.php:26
Stack trace:
#0 /Users/ivaylosholekov/Sites/personal/fruitaway/web/app/themes/sage/vendor/illuminate/view/Engines/CompilerEngine.php(59): Illuminate\View\Engines\PhpEngine->evaluatePath('/Users/ivaylosh...', Array)
#1 /Users/ivaylosholekov/Sites/personal/fruitaway/web/app/themes/sage/vendor/illuminate/view/View.php(142): Illuminate\View\Engines\CompilerEngine->get('/Users/ivaylosh...', Array)
#2 /Users/ivaylosholekov/Sites/personal/fruitaway/web/app/themes/sage/vendor/illuminate/view/View.php(125): Illuminate\View\View->getContents()
#3 /Users/ivaylosholekov/Sites/personal/fruitaway/web/app/themes/sage/vendor/illuminate/view/View.php(90): Illuminate\View\View->renderContents()
#4 /Users/ivaylosholekov/Sites/personal/fruitaway/web/app/uploads/cache/f40d3550650de36d in /Users/ivaylosholekov/Sites/personal/fruitaway/web/app/uploads/cache/0d64e3240931df3ed2b49db585790c845d9aa907.php on line 26

2019-07-07T19:34:01+00:00 CRITICAL Uncaught Symfony\Component\Debug\Exception\FatalThrowableError: syntax error, unexpected 'endif' (T_ENDIF), expecting end of file in /Users/ivaylosholekov/Sites/personal/fruitaway/web/app/uploads/cache/0d64e3240931df3ed2b49db585790c845d9aa907.php:26
Stack trace:
#0 /Users/ivaylosholekov/Sites/personal/fruitaway/web/app/themes/sage/vendor/illuminate/view/Engines/CompilerEngine.php(59): Illuminate\View\Engines\PhpEngine->evaluatePath('/Users/ivaylosh...', Array)
#1 /Users/ivaylosholekov/Sites/personal/fruitaway/web/app/themes/sage/vendor/illuminate/view/View.php(142): Illuminate\View\Engines\CompilerEngine->get('/Users/ivaylosh...', Array)
#2 /Users/ivaylosholekov/Sites/personal/fruitaway/web/app/themes/sage/vendor/illuminate/view/View.php(125): Illuminate\View\View->getContents()
#3 /Users/ivaylosholekov/Sites/personal/fruitaway/web/app/themes/sage/vendor/illuminate/view/View.php(90): Illuminate\View\View->renderContents()
#4 /Users/ivaylosholekov/Sites/personal/fruitaway/web/app/uploads/cache/f40d3550650de36d in /Users/ivaylosholekov/Sites/personal/fruitaway/web/app/uploads/cache/0d64e3240931df3ed2b49db585790c845d9aa907.php on line 26

2019-07-07T19:37:45+00:00 CRITICAL Uncaught Symfony\Component\Debug\Exception\FatalThrowableError: syntax error, unexpected 'dd' (T_STRING) in /Users/ivaylosholekov/Sites/personal/fruitaway/web/app/uploads/cache/0d64e3240931df3ed2b49db585790c845d9aa907.php:14
Stack trace:
#0 /Users/ivaylosholekov/Sites/personal/fruitaway/web/app/themes/sage/vendor/illuminate/view/Engines/CompilerEngine.php(59): Illuminate\View\Engines\PhpEngine->evaluatePath('/Users/ivaylosh...', Array)
#1 /Users/ivaylosholekov/Sites/personal/fruitaway/web/app/themes/sage/vendor/illuminate/view/View.php(142): Illuminate\View\Engines\CompilerEngine->get('/Users/ivaylosh...', Array)
#2 /Users/ivaylosholekov/Sites/personal/fruitaway/web/app/themes/sage/vendor/illuminate/view/View.php(125): Illuminate\View\View->getContents()
#3 /Users/ivaylosholekov/Sites/personal/fruitaway/web/app/themes/sage/vendor/illuminate/view/View.php(90): Illuminate\View\View->renderContents()
#4 /Users/ivaylosholekov/Sites/personal/fruitaway/web/app/uploads/cache/f40d3550650de36de091ff5c605786422074809e. in /Users/ivaylosholekov/Sites/personal/fruitaway/web/app/uploads/cache/0d64e3240931df3ed2b49db585790c845d9aa907.php on line 14

2019-07-07T19:55:56+00:00 CRITICAL syntax error, unexpected end of file in /Users/ivaylosholekov/Sites/personal/fruitaway/web/app/themes/sage/app/setup.php on line 143

